<?xml version="1.0" encoding="UTF-8"?>
<!-- Generated by org.testng.reporters.JUnitReportReporter -->
<testsuite hostname="IN-6SJK1N3" failures="0" tests="5" name="TestCases.Login_OpenCart_Test" time="53.671" errors="0" timestamp="2023-09-12T09:46:54 IST" skipped="0">
  <testcase classname="TestCases.Login_OpenCart_Test" name="loginApplication" time="10.632"/>
  <testcase classname="TestCases.Login_OpenCart_Test" name="loginApplication" time="10.628"/>
  <testcase classname="TestCases.Login_OpenCart_Test" name="loginApplication" time="11.160"/>
  <testcase classname="TestCases.Login_OpenCart_Test" name="loginApplication" time="10.617"/>
  <testcase classname="TestCases.Login_OpenCart_Test" name="loginApplication" time="10.634"/>
</testsuite> <!-- TestCases.Login_OpenCart_Test -->
