<?xml version="1.0" encoding="UTF-8"?>
<!-- Generated by org.testng.reporters.JUnitReportReporter -->
<testsuite hostname="IN-6SJK1N3" failures="0" tests="5" name="TestCases.Login_OpenCart_Test" time="54.018" errors="0" timestamp="2023-09-13T11:12:06 IST" skipped="0">
  <testcase classname="TestCases.Login_OpenCart_Test" name="loginApplication" time="10.560"/>
  <testcase classname="TestCases.Login_OpenCart_Test" name="loginApplication" time="10.559"/>
  <testcase classname="TestCases.Login_OpenCart_Test" name="loginApplication" time="10.967"/>
  <testcase classname="TestCases.Login_OpenCart_Test" name="loginApplication" time="10.951"/>
  <testcase classname="TestCases.Login_OpenCart_Test" name="loginApplication" time="10.981"/>
</testsuite> <!-- TestCases.Login_OpenCart_Test -->
